Build started 2016/4/13 16:01:38.
     1>Project "C:\Users\admin\Desktop\gd\Eulring project\Eulring_release\Eulring_release\Eulring_release.vcxproj" on node 2 (Build target(s)).
     1>ClCompile:
         D:\Microsoft\Visual Studio 2013\VC\bin\CL.exe /c /Zi /nologo /W3 /WX- /O2 /Oi /Oy- /GL /D WIN32 /D NDEBUG /D _CONSOLE /D _LIB /D _UNICODE /D UNICODE /Gm- /EHsc /MT /GS /Gy /fp:precise /Zc:wchar_t /Zc:forScope /Fo"Release\\" /Fd"Release\vc120.pdb" /Gd /TP /analyze- /errorReport:prompt pisqpipe.cpp
         pisqpipe.cpp
       Link:
         D:\Microsoft\Visual Studio 2013\VC\bin\link.exe /ERRORREPORT:PROMPT /OUT:"C:\Users\admin\Desktop\gd\Eulring project\Eulring_release\Release\Eulring_release.exe" /INCREMENTAL:NO /NOLOGO kernel32.lib user32.lib gdi32.lib winspool.lib comdlg32.lib advapi32.lib shell32.lib ole32.lib oleaut32.lib uuid.lib odbc32.lib odbccp32.lib /MANIFEST /MANIFESTUAC:"level='asInvoker' uiAccess='false'" /manifest:embed /DEBUG /PDB:"C:\Users\admin\Desktop\gd\Eulring project\Eulring_release\Release\Eulring_release.pdb" /SUBSYSTEM:CONSOLE /OPT:REF /OPT:ICF /LTCG /TLBID:1 /DYNAMICBASE /NXCOMPAT /IMPLIB:"C:\Users\admin\Desktop\gd\Eulring project\Eulring_release\Release\Eulring_release.lib" /MACHINE:X86 /SAFESEH Release\AIengine.obj
         Release\Cboard.obj
         Release\Cpattern.obj
         Release\CTpattern.obj
         Release\Engine_debug.obj
         Release\example.obj
         Release\Game_tree.obj
         Release\Hashitem.obj
         Release\pisqpipe.obj
         Release\Search_tree.obj
         Release\VCT_tree.obj
         Generating code
         Finished generating code
         Eulring_release.vcxproj -> C:\Users\admin\Desktop\gd\Eulring project\Eulring_release\Release\Eulring_release.exe
     1>Done Building Project "C:\Users\admin\Desktop\gd\Eulring project\Eulring_release\Eulring_release\Eulring_release.vcxproj" (Build target(s)).

Build succeeded.

Time Elapsed 00:00:02.27
